

================================================================
== Vitis HLS Report for 'read_input'
================================================================
* Date:           Tue May 28 19:22:29 2024

* Version:        2023.2 (Build 4023990 on Oct 11 2023)
* Project:        merge_sort
* Solution:       hls (Vivado IP Flow Target)
* Product family: zynq
* Target device:  xc7z020-clg400-1


================================================================
== Performance Estimates
================================================================
+ Timing: 
    * Summary: 
    +--------+----------+----------+------------+
    |  Clock |  Target  | Estimated| Uncertainty|
    +--------+----------+----------+------------+
    |ap_clk  |  10.00 ns|  7.300 ns|     2.70 ns|
    +--------+----------+----------+------------+

+ Latency: 
    * Summary: 
    +---------+---------+-----------+-----------+------+------+---------+
    |  Latency (cycles) |   Latency (absolute)  |   Interval  | Pipeline|
    |   min   |   max   |    min    |    max    |  min |  max |   Type  |
    +---------+---------+-----------+-----------+------+------+---------+
    |     1035|     1035|  10.350 us|  10.350 us|  1035|  1035|       no|
    +---------+---------+-----------+-----------+------+------+---------+

    + Detail: 
        * Instance: 
        N/A

        * Loop: 
        +----------+---------+---------+----------+-----------+-----------+------+----------+
        |          |  Latency (cycles) | Iteration|  Initiation Interval  | Trip |          |
        | Loop Name|   min   |   max   |  Latency |  achieved |   target  | Count| Pipelined|
        +----------+---------+---------+----------+-----------+-----------+------+----------+
        |- read    |     1033|     1033|        11|          1|          1|  1024|       yes|
        +----------+---------+---------+----------+-----------+-----------+------+----------+

============================================================
+ Verbose Summary: Synthesis Manager
============================================================
InlineROM: 1
ExposeGlobal: 0
============================================================
+ Verbose Summary: CDFG Model
============================================================
IsTopModel: 0
ResetActiveHigh: 1
IsCombinational: 2
IsDatapathOnly: 0
HasWiredReturn: 1
HasMFsm: 2
HasVarLatency: 1
IsPipeline: 0
IsRtlPipelined: 0
IsInstanceOverlapped: 0
IsDontTouch: 0
HasImplIP: 0
IsGatedGlobalClock: 0

+ Individual pipeline summary: 
  * Pipeline-0: initiation interval (II) = 1, depth = 11


============================================================
+ Verbose Summary: Schedule
============================================================
* Number of FSM states : 11
* Pipeline : 1
  Pipeline-0 : II = 1, D = 11, States = { 1 2 3 4 5 6 7 8 9 10 11 }
* Dataflow Pipeline: 0

* FSM state transitions: 
1 --> 2 
2 --> 3 
3 --> 4 
4 --> 5 
5 --> 6 
6 --> 7 
7 --> 8 
8 --> 9 
9 --> 10 
10 --> 11 
11 --> 

* FSM state operations: 

State 1 <SV = 0> <Delay = 4.81>
ST_1 : Operation 14 [1/1] (0.00ns)   --->   "%i = alloca i32 1" [/home/claxl/Documents/NECSTCamp/merge_sort/merge_sort.cpp:41]   --->   Operation 14 'alloca' 'i' <Predicate = true> <Delay = 0.00>
ST_1 : Operation 15 [1/1] (0.00ns)   --->   "%specinterface_ln0 = specinterface void @_ssdm_op_SpecInterface, i8 %input_stream, void @empty_6, i32 0, i32 0, void @empty_13, i32 0, i32 0, void @empty_13, void @empty_13, void @empty_13, i32 0, i32 0, i32 0, i32 0, void @empty_13, void @empty_13, i32 4294967295, i32 0"   --->   Operation 15 'specinterface' 'specinterface_ln0' <Predicate = true> <Delay = 0.00>
ST_1 : Operation 16 [1/1] (0.00ns)   --->   "%specinterface_ln0 = specinterface void @_ssdm_op_SpecInterface, i8 %gmem, void @empty_3, i32 0, i32 0, void @empty_13, i32 0, i32 1024, void @empty_4, void @empty_14, void @empty_13, i32 16, i32 16, i32 16, i32 16, void @empty_13, void @empty_13, i32 4294967295, i32 0"   --->   Operation 16 'specinterface' 'specinterface_ln0' <Predicate = true> <Delay = 0.00>
ST_1 : Operation 17 [1/1] (0.00ns)   --->   "%input_read = read i64 @_ssdm_op_Read.ap_auto.i64, i64 %input_r" [/home/claxl/Documents/NECSTCamp/merge_sort/merge_sort.cpp:39]   --->   Operation 17 'read' 'input_read' <Predicate = true> <Delay = 0.00>
ST_1 : Operation 18 [1/1] (1.58ns)   --->   "%store_ln41 = store i11 0, i11 %i" [/home/claxl/Documents/NECSTCamp/merge_sort/merge_sort.cpp:41]   --->   Operation 18 'store' 'store_ln41' <Predicate = true> <Delay = 1.58>
ST_1 : Operation 19 [1/1] (1.58ns)   --->   "%br_ln41 = br void %for.inc" [/home/claxl/Documents/NECSTCamp/merge_sort/merge_sort.cpp:41]   --->   Operation 19 'br' 'br_ln41' <Predicate = true> <Delay = 1.58>
ST_1 : Operation 20 [1/1] (0.00ns)   --->   "%first_iter_0 = phi i1 0, void %for.inc.split, i1 1, void %entry"   --->   Operation 20 'phi' 'first_iter_0' <Predicate = true> <Delay = 0.00>
ST_1 : Operation 21 [1/1] (0.00ns)   --->   "%i_2 = load i11 %i" [/home/claxl/Documents/NECSTCamp/merge_sort/merge_sort.cpp:41]   --->   Operation 21 'load' 'i_2' <Predicate = true> <Delay = 0.00>
ST_1 : Operation 22 [1/1] (1.63ns)   --->   "%icmp_ln41 = icmp_eq  i11 %i_2, i11 1024" [/home/claxl/Documents/NECSTCamp/merge_sort/merge_sort.cpp:41]   --->   Operation 22 'icmp' 'icmp_ln41' <Predicate = true> <Delay = 1.63> <CoreInst = "Cmp">   --->   Core 9 'Cmp' <Latency = 0> <II = 1> <Delay = 1.63> <FuncUnit> <Opcode : 'icmp'> <InPorts = 2> <OutPorts = 1>
ST_1 : Operation 23 [1/1] (1.63ns)   --->   "%add_ln41 = add i11 %i_2, i11 1" [/home/claxl/Documents/NECSTCamp/merge_sort/merge_sort.cpp:41]   --->   Operation 23 'add' 'add_ln41' <Predicate = true> <Delay = 1.63> <CoreInst = "Adder">   --->   Core 1 'Adder' <Latency = 0> <II = 1> <Delay = 1.63> <FuncUnit> <Opcode : 'add' 'sub'> <InPorts = 2> <OutPorts = 1>
ST_1 : Operation 24 [1/1] (0.00ns)   --->   "%br_ln41 = br i1 %icmp_ln41, void %new.body.for.inc, void %for.end" [/home/claxl/Documents/NECSTCamp/merge_sort/merge_sort.cpp:41]   --->   Operation 24 'br' 'br_ln41' <Predicate = true> <Delay = 0.00>
ST_1 : Operation 25 [1/1] (0.00ns)   --->   "%br_ln41 = br i1 %first_iter_0, void %for.inc.split, void %for.first.iter.for.inc" [/home/claxl/Documents/NECSTCamp/merge_sort/merge_sort.cpp:41]   --->   Operation 25 'br' 'br_ln41' <Predicate = (!icmp_ln41)> <Delay = 0.00>
ST_1 : Operation 26 [1/1] (1.58ns)   --->   "%store_ln41 = store i11 %add_ln41, i11 %i" [/home/claxl/Documents/NECSTCamp/merge_sort/merge_sort.cpp:41]   --->   Operation 26 'store' 'store_ln41' <Predicate = (!icmp_ln41)> <Delay = 1.58>
ST_1 : Operation 27 [1/1] (0.00ns)   --->   "%br_ln41 = br void %for.inc" [/home/claxl/Documents/NECSTCamp/merge_sort/merge_sort.cpp:41]   --->   Operation 27 'br' 'br_ln41' <Predicate = (!icmp_ln41)> <Delay = 0.00>

State 2 <SV = 1> <Delay = 7.30>
ST_2 : Operation 28 [1/1] (0.00ns)   --->   "%gmem_addr = getelementptr i8 %gmem, i64 %input_read" [/home/claxl/Documents/NECSTCamp/merge_sort/merge_sort.cpp:41]   --->   Operation 28 'getelementptr' 'gmem_addr' <Predicate = true> <Delay = 0.00>
ST_2 : Operation 29 [8/8] (7.30ns)   --->   "%empty = readreq i1 @_ssdm_op_ReadReq.m_axi.p1i8, i8 %gmem_addr, i32 1024" [/home/claxl/Documents/NECSTCamp/merge_sort/merge_sort.cpp:41]   --->   Operation 29 'readreq' 'empty' <Predicate = (first_iter_0)> <Delay = 7.30> <CoreInst = "m_axi">   --->   Core 113 'm_axi' <Latency = 0> <II = 1> <Delay = 1.00> <Adapter> <Opcode : 'read' 'write' 'readreq' 'writereq' 'writeresp'>

State 3 <SV = 2> <Delay = 7.30>
ST_3 : Operation 30 [7/8] (7.30ns)   --->   "%empty = readreq i1 @_ssdm_op_ReadReq.m_axi.p1i8, i8 %gmem_addr, i32 1024" [/home/claxl/Documents/NECSTCamp/merge_sort/merge_sort.cpp:41]   --->   Operation 30 'readreq' 'empty' <Predicate = (first_iter_0)> <Delay = 7.30> <CoreInst = "m_axi">   --->   Core 113 'm_axi' <Latency = 0> <II = 1> <Delay = 1.00> <Adapter> <Opcode : 'read' 'write' 'readreq' 'writereq' 'writeresp'>

State 4 <SV = 3> <Delay = 7.30>
ST_4 : Operation 31 [6/8] (7.30ns)   --->   "%empty = readreq i1 @_ssdm_op_ReadReq.m_axi.p1i8, i8 %gmem_addr, i32 1024" [/home/claxl/Documents/NECSTCamp/merge_sort/merge_sort.cpp:41]   --->   Operation 31 'readreq' 'empty' <Predicate = (first_iter_0)> <Delay = 7.30> <CoreInst = "m_axi">   --->   Core 113 'm_axi' <Latency = 0> <II = 1> <Delay = 1.00> <Adapter> <Opcode : 'read' 'write' 'readreq' 'writereq' 'writeresp'>

State 5 <SV = 4> <Delay = 7.30>
ST_5 : Operation 32 [5/8] (7.30ns)   --->   "%empty = readreq i1 @_ssdm_op_ReadReq.m_axi.p1i8, i8 %gmem_addr, i32 1024" [/home/claxl/Documents/NECSTCamp/merge_sort/merge_sort.cpp:41]   --->   Operation 32 'readreq' 'empty' <Predicate = (first_iter_0)> <Delay = 7.30> <CoreInst = "m_axi">   --->   Core 113 'm_axi' <Latency = 0> <II = 1> <Delay = 1.00> <Adapter> <Opcode : 'read' 'write' 'readreq' 'writereq' 'writeresp'>

State 6 <SV = 5> <Delay = 7.30>
ST_6 : Operation 33 [4/8] (7.30ns)   --->   "%empty = readreq i1 @_ssdm_op_ReadReq.m_axi.p1i8, i8 %gmem_addr, i32 1024" [/home/claxl/Documents/NECSTCamp/merge_sort/merge_sort.cpp:41]   --->   Operation 33 'readreq' 'empty' <Predicate = (first_iter_0)> <Delay = 7.30> <CoreInst = "m_axi">   --->   Core 113 'm_axi' <Latency = 0> <II = 1> <Delay = 1.00> <Adapter> <Opcode : 'read' 'write' 'readreq' 'writereq' 'writeresp'>

State 7 <SV = 6> <Delay = 7.30>
ST_7 : Operation 34 [3/8] (7.30ns)   --->   "%empty = readreq i1 @_ssdm_op_ReadReq.m_axi.p1i8, i8 %gmem_addr, i32 1024" [/home/claxl/Documents/NECSTCamp/merge_sort/merge_sort.cpp:41]   --->   Operation 34 'readreq' 'empty' <Predicate = (first_iter_0)> <Delay = 7.30> <CoreInst = "m_axi">   --->   Core 113 'm_axi' <Latency = 0> <II = 1> <Delay = 1.00> <Adapter> <Opcode : 'read' 'write' 'readreq' 'writereq' 'writeresp'>

State 8 <SV = 7> <Delay = 7.30>
ST_8 : Operation 35 [2/8] (7.30ns)   --->   "%empty = readreq i1 @_ssdm_op_ReadReq.m_axi.p1i8, i8 %gmem_addr, i32 1024" [/home/claxl/Documents/NECSTCamp/merge_sort/merge_sort.cpp:41]   --->   Operation 35 'readreq' 'empty' <Predicate = (first_iter_0)> <Delay = 7.30> <CoreInst = "m_axi">   --->   Core 113 'm_axi' <Latency = 0> <II = 1> <Delay = 1.00> <Adapter> <Opcode : 'read' 'write' 'readreq' 'writereq' 'writeresp'>

State 9 <SV = 8> <Delay = 7.30>
ST_9 : Operation 36 [1/8] (7.30ns)   --->   "%empty = readreq i1 @_ssdm_op_ReadReq.m_axi.p1i8, i8 %gmem_addr, i32 1024" [/home/claxl/Documents/NECSTCamp/merge_sort/merge_sort.cpp:41]   --->   Operation 36 'readreq' 'empty' <Predicate = (first_iter_0)> <Delay = 7.30> <CoreInst = "m_axi">   --->   Core 113 'm_axi' <Latency = 0> <II = 1> <Delay = 1.00> <Adapter> <Opcode : 'read' 'write' 'readreq' 'writereq' 'writeresp'>
ST_9 : Operation 37 [1/1] (0.00ns)   --->   "%br_ln41 = br void %for.inc.split" [/home/claxl/Documents/NECSTCamp/merge_sort/merge_sort.cpp:41]   --->   Operation 37 'br' 'br_ln41' <Predicate = (first_iter_0)> <Delay = 0.00>

State 10 <SV = 9> <Delay = 7.30>
ST_10 : Operation 38 [1/1] (7.30ns)   --->   "%gmem_addr_read = read i8 @_ssdm_op_Read.m_axi.p1i8, i8 %gmem_addr" [/home/claxl/Documents/NECSTCamp/merge_sort/merge_sort.cpp:43]   --->   Operation 38 'read' 'gmem_addr_read' <Predicate = (!icmp_ln41)> <Delay = 7.30> <CoreInst = "m_axi">   --->   Core 113 'm_axi' <Latency = 0> <II = 1> <Delay = 1.00> <Adapter> <Opcode : 'read' 'write' 'readreq' 'writereq' 'writeresp'>
ST_10 : Operation 43 [1/1] (0.00ns)   --->   "%ret_ln45 = ret" [/home/claxl/Documents/NECSTCamp/merge_sort/merge_sort.cpp:45]   --->   Operation 43 'ret' 'ret_ln45' <Predicate = (icmp_ln41)> <Delay = 0.00>

State 11 <SV = 10> <Delay = 3.63>
ST_11 : Operation 39 [1/1] (0.00ns)   --->   "%specpipeline_ln42 = specpipeline void @_ssdm_op_SpecPipeline, i32 1, i32 0, i32 0, i32 0, void @empty_13" [/home/claxl/Documents/NECSTCamp/merge_sort/merge_sort.cpp:42]   --->   Operation 39 'specpipeline' 'specpipeline_ln42' <Predicate = (!icmp_ln41)> <Delay = 0.00>
ST_11 : Operation 40 [1/1] (0.00ns)   --->   "%speclooptripcount_ln41 = speclooptripcount void @_ssdm_op_SpecLoopTripCount, i64 1024, i64 1024, i64 1024" [/home/claxl/Documents/NECSTCamp/merge_sort/merge_sort.cpp:41]   --->   Operation 40 'speclooptripcount' 'speclooptripcount_ln41' <Predicate = (!icmp_ln41)> <Delay = 0.00>
ST_11 : Operation 41 [1/1] (0.00ns)   --->   "%specloopname_ln41 = specloopname void @_ssdm_op_SpecLoopName, void @empty_19" [/home/claxl/Documents/NECSTCamp/merge_sort/merge_sort.cpp:41]   --->   Operation 41 'specloopname' 'specloopname_ln41' <Predicate = (!icmp_ln41)> <Delay = 0.00>
ST_11 : Operation 42 [1/1] (3.63ns)   --->   "%write_ln43 = write void @_ssdm_op_Write.ap_fifo.volatile.i8P0A, i8 %input_stream, i8 %gmem_addr_read" [/home/claxl/Documents/NECSTCamp/merge_sort/merge_sort.cpp:43]   --->   Operation 42 'write' 'write_ln43' <Predicate = (!icmp_ln41)> <Delay = 3.63> <CoreInst = "FIFO_SRL">   --->   Core 81 'FIFO_SRL' <Latency = 0> <II = 1> <Delay = 3.63> <Storage> <Opcode : 'read' 'write' 'nbread' 'nbwrite'> <Ports = 0> <Width = 8> <Depth = 2> <FIFO>


============================================================
+ Verbose Summary: Timing violations
============================================================
Target clock period: 10.000ns, clock uncertainty: 2.700ns.

 <State 1>: 4.815ns
The critical path consists of the following:
	'store' operation 0 bit ('store_ln41', /home/claxl/Documents/NECSTCamp/merge_sort/merge_sort.cpp:41) of constant 0 on local variable 'i', /home/claxl/Documents/NECSTCamp/merge_sort/merge_sort.cpp:41 [8]  (1.588 ns)
	'load' operation 11 bit ('i', /home/claxl/Documents/NECSTCamp/merge_sort/merge_sort.cpp:41) on local variable 'i', /home/claxl/Documents/NECSTCamp/merge_sort/merge_sort.cpp:41 [12]  (0.000 ns)
	'icmp' operation 1 bit ('icmp_ln41', /home/claxl/Documents/NECSTCamp/merge_sort/merge_sort.cpp:41) [13]  (1.639 ns)
	'store' operation 0 bit ('store_ln41', /home/claxl/Documents/NECSTCamp/merge_sort/merge_sort.cpp:41) of variable 'add_ln41', /home/claxl/Documents/NECSTCamp/merge_sort/merge_sort.cpp:41 on local variable 'i', /home/claxl/Documents/NECSTCamp/merge_sort/merge_sort.cpp:41 [28]  (1.588 ns)

 <State 2>: 7.300ns
The critical path consists of the following:
	'getelementptr' operation 8 bit ('gmem_addr', /home/claxl/Documents/NECSTCamp/merge_sort/merge_sort.cpp:41) [17]  (0.000 ns)
	bus request operation ('empty', /home/claxl/Documents/NECSTCamp/merge_sort/merge_sort.cpp:41) on port 'gmem' (/home/claxl/Documents/NECSTCamp/merge_sort/merge_sort.cpp:41) [20]  (7.300 ns)

 <State 3>: 7.300ns
The critical path consists of the following:
	bus request operation ('empty', /home/claxl/Documents/NECSTCamp/merge_sort/merge_sort.cpp:41) on port 'gmem' (/home/claxl/Documents/NECSTCamp/merge_sort/merge_sort.cpp:41) [20]  (7.300 ns)

 <State 4>: 7.300ns
The critical path consists of the following:
	bus request operation ('empty', /home/claxl/Documents/NECSTCamp/merge_sort/merge_sort.cpp:41) on port 'gmem' (/home/claxl/Documents/NECSTCamp/merge_sort/merge_sort.cpp:41) [20]  (7.300 ns)

 <State 5>: 7.300ns
The critical path consists of the following:
	bus request operation ('empty', /home/claxl/Documents/NECSTCamp/merge_sort/merge_sort.cpp:41) on port 'gmem' (/home/claxl/Documents/NECSTCamp/merge_sort/merge_sort.cpp:41) [20]  (7.300 ns)

 <State 6>: 7.300ns
The critical path consists of the following:
	bus request operation ('empty', /home/claxl/Documents/NECSTCamp/merge_sort/merge_sort.cpp:41) on port 'gmem' (/home/claxl/Documents/NECSTCamp/merge_sort/merge_sort.cpp:41) [20]  (7.300 ns)

 <State 7>: 7.300ns
The critical path consists of the following:
	bus request operation ('empty', /home/claxl/Documents/NECSTCamp/merge_sort/merge_sort.cpp:41) on port 'gmem' (/home/claxl/Documents/NECSTCamp/merge_sort/merge_sort.cpp:41) [20]  (7.300 ns)

 <State 8>: 7.300ns
The critical path consists of the following:
	bus request operation ('empty', /home/claxl/Documents/NECSTCamp/merge_sort/merge_sort.cpp:41) on port 'gmem' (/home/claxl/Documents/NECSTCamp/merge_sort/merge_sort.cpp:41) [20]  (7.300 ns)

 <State 9>: 7.300ns
The critical path consists of the following:
	bus request operation ('empty', /home/claxl/Documents/NECSTCamp/merge_sort/merge_sort.cpp:41) on port 'gmem' (/home/claxl/Documents/NECSTCamp/merge_sort/merge_sort.cpp:41) [20]  (7.300 ns)

 <State 10>: 7.300ns
The critical path consists of the following:
	bus read operation ('gmem_addr_read', /home/claxl/Documents/NECSTCamp/merge_sort/merge_sort.cpp:43) on port 'gmem' (/home/claxl/Documents/NECSTCamp/merge_sort/merge_sort.cpp:43) [26]  (7.300 ns)

 <State 11>: 3.634ns
The critical path consists of the following:
	fifo write operation ('write_ln43', /home/claxl/Documents/NECSTCamp/merge_sort/merge_sort.cpp:43) on port 'input_stream' (/home/claxl/Documents/NECSTCamp/merge_sort/merge_sort.cpp:43) [27]  (3.634 ns)


============================================================
+ Verbose Summary: Binding
============================================================
N/A
* FSMD analyzer results:
  - Output states:
 - Input state : 
  - Chain level:
	State 1
	State 2
	State 3
	State 4
	State 5
	State 6
	State 7
	State 8
	State 9
	State 10
	State 11


============================================================
+ Verbose Summary: Datapath Resource usage 
============================================================
N/A
