/home/claxl/Documents/Double/merge_sort_double/merge_sort.cpp:9:9: warning: HLS pragma dump _XLX_SEP_ PragmaIsValid=1_XLX_SEP_ PragmaType=pipeline_XLX_SEP_ PragmaContext=_XLX_SEP_ PragmaFunction=merge_sort_primitive_XLX_SEP_ PragmaOptions=II=1_XLX_SEP_ [-Wdump-hls-pragmas]
#pragma HLS PIPELINE II=1
        ^
/home/claxl/Documents/Double/merge_sort_double/merge_sort.cpp:41:9: warning: HLS pragma dump _XLX_SEP_ PragmaIsValid=1_XLX_SEP_ PragmaType=pipeline_XLX_SEP_ PragmaContext=_XLX_SEP_ PragmaFunction=read_input_XLX_SEP_ PragmaOptions=II=1_XLX_SEP_ [-Wdump-hls-pragmas]
#pragma HLS PIPELINE II=1
        ^
/home/claxl/Documents/Double/merge_sort_double/merge_sort.cpp:49:9: warning: HLS pragma dump _XLX_SEP_ PragmaIsValid=1_XLX_SEP_ PragmaType=pipeline_XLX_SEP_ PragmaContext=_XLX_SEP_ PragmaFunction=write_output_XLX_SEP_ PragmaOptions=II=1_XLX_SEP_ [-Wdump-hls-pragmas]
#pragma HLS PIPELINE II=1
        ^
/home/claxl/Documents/Double/merge_sort_double/merge_sort.cpp:59:9: warning: HLS pragma dump _XLX_SEP_ PragmaIsValid=1_XLX_SEP_ PragmaType=stream_XLX_SEP_ PragmaContext=_XLX_SEP_ PragmaFunction=merge_sort_iterative_XLX_SEP_ PragmaOptions=variable=left_stream depth=1024_XLX_SEP_ [-Wdump-hls-pragmas]
#pragma HLS STREAM variable=left_stream depth=1024
        ^
/home/claxl/Documents/Double/merge_sort_double/merge_sort.cpp:60:9: warning: HLS pragma dump _XLX_SEP_ PragmaIsValid=1_XLX_SEP_ PragmaType=stream_XLX_SEP_ PragmaContext=_XLX_SEP_ PragmaFunction=merge_sort_iterative_XLX_SEP_ PragmaOptions=variable=right_stream depth=1024_XLX_SEP_ [-Wdump-hls-pragmas]
#pragma HLS STREAM variable=right_stream depth=1024
        ^
/home/claxl/Documents/Double/merge_sort_double/merge_sort.cpp:61:9: warning: HLS pragma dump _XLX_SEP_ PragmaIsValid=1_XLX_SEP_ PragmaType=stream_XLX_SEP_ PragmaContext=_XLX_SEP_ PragmaFunction=merge_sort_iterative_XLX_SEP_ PragmaOptions=variable=temp_stream depth=1024_XLX_SEP_ [-Wdump-hls-pragmas]
#pragma HLS STREAM variable=temp_stream depth=1024
        ^
/home/claxl/Documents/Double/merge_sort_double/merge_sort.cpp:66:9: warning: HLS pragma dump _XLX_SEP_ PragmaIsValid=1_XLX_SEP_ PragmaType=array_partition_XLX_SEP_ PragmaContext=_XLX_SEP_ PragmaFunction=merge_sort_iterative_XLX_SEP_ PragmaOptions=variable=buffer complete dim=1_XLX_SEP_ [-Wdump-hls-pragmas]
#pragma HLS ARRAY_PARTITION variable=buffer complete dim=1
        ^
/home/claxl/Documents/Double/merge_sort_double/merge_sort.cpp:71:9: warning: HLS pragma dump _XLX_SEP_ PragmaIsValid=1_XLX_SEP_ PragmaType=pipeline_XLX_SEP_ PragmaContext=_XLX_SEP_ PragmaFunction=merge_sort_iterative_XLX_SEP_ PragmaOptions=II=1_XLX_SEP_ [-Wdump-hls-pragmas]
#pragma HLS PIPELINE II=1
        ^
/home/claxl/Documents/Double/merge_sort_double/merge_sort.cpp:83:9: warning: HLS pragma dump _XLX_SEP_ PragmaIsValid=1_XLX_SEP_ PragmaType=pipeline_XLX_SEP_ PragmaContext=_XLX_SEP_ PragmaFunction=merge_sort_iterative_XLX_SEP_ PragmaOptions=II=1_XLX_SEP_ [-Wdump-hls-pragmas]
#pragma HLS PIPELINE II=1
        ^
/home/claxl/Documents/Double/merge_sort_double/merge_sort.cpp:93:9: warning: HLS pragma dump _XLX_SEP_ PragmaIsValid=1_XLX_SEP_ PragmaType=pipeline_XLX_SEP_ PragmaContext=_XLX_SEP_ PragmaFunction=merge_sort_iterative_XLX_SEP_ PragmaOptions=II=1_XLX_SEP_ [-Wdump-hls-pragmas]
#pragma HLS PIPELINE II=1
        ^
/home/claxl/Documents/Double/merge_sort_double/merge_sort.cpp:101:9: warning: HLS pragma dump _XLX_SEP_ PragmaIsValid=1_XLX_SEP_ PragmaType=pipeline_XLX_SEP_ PragmaContext=_XLX_SEP_ PragmaFunction=merge_sort_iterative_XLX_SEP_ PragmaOptions=II=1_XLX_SEP_ [-Wdump-hls-pragmas]
#pragma HLS PIPELINE II=1
        ^
/home/claxl/Documents/Double/merge_sort_double/merge_sort.cpp:109:9: warning: HLS pragma dump _XLX_SEP_ PragmaIsValid=1_XLX_SEP_ PragmaType=pipeline_XLX_SEP_ PragmaContext=_XLX_SEP_ PragmaFunction=write_tmp_XLX_SEP_ PragmaOptions=II=1_XLX_SEP_ [-Wdump-hls-pragmas]
#pragma HLS PIPELINE II=1
        ^
/home/claxl/Documents/Double/merge_sort_double/merge_sort.cpp:114:9: warning: HLS pragma dump _XLX_SEP_ PragmaIsValid=1_XLX_SEP_ PragmaType=pipeline_XLX_SEP_ PragmaContext=_XLX_SEP_ PragmaFunction=write_tmp_XLX_SEP_ PragmaOptions=II=1_XLX_SEP_ [-Wdump-hls-pragmas]
#pragma HLS PIPELINE II=1
        ^
directive:1:9: warning: HLS pragma dump _XLX_SEP_ PragmaIsValid=1_XLX_SEP_ PragmaType=top_XLX_SEP_ PragmaContext=directive_XLX_SEP_ PragmaFunction=merge_sort_XLX_SEP_ PragmaOptions=name=merge_sort_XLX_SEP_ [-Wdump-hls-pragmas]
#pragma HLSDIRECTIVE TOP name=merge_sort
        ^
/home/claxl/Documents/Double/merge_sort_double/merge_sort.cpp:122:9: warning: HLS pragma dump _XLX_SEP_ PragmaIsValid=1_XLX_SEP_ PragmaType=interface_XLX_SEP_ PragmaContext=_XLX_SEP_ PragmaFunction=merge_sort_XLX_SEP_ PragmaOptions=mode=s_axilite port=return bundle=control_XLX_SEP_ [-Wdump-hls-pragmas]
#pragma HLS INTERFACE mode=s_axilite port=return bundle=control
        ^
/home/claxl/Documents/Double/merge_sort_double/merge_sort.cpp:124:9: warning: HLS pragma dump _XLX_SEP_ PragmaIsValid=1_XLX_SEP_ PragmaType=interface_XLX_SEP_ PragmaContext=_XLX_SEP_ PragmaFunction=merge_sort_XLX_SEP_ PragmaOptions=mode=m_axi port=left bundle=gmem1 depth=1024/2 offset=slave_XLX_SEP_ [-Wdump-hls-pragmas]
#pragma HLS INTERFACE mode=m_axi port=left bundle=gmem1 depth=1024/2 offset=slave
        ^
/home/claxl/Documents/Double/merge_sort_double/merge_sort.cpp:125:9: warning: HLS pragma dump _XLX_SEP_ PragmaIsValid=1_XLX_SEP_ PragmaType=interface_XLX_SEP_ PragmaContext=_XLX_SEP_ PragmaFunction=merge_sort_XLX_SEP_ PragmaOptions=mode=m_axi port=right bundle=gmem2 depth=1024/2 offset=slave_XLX_SEP_ [-Wdump-hls-pragmas]
#pragma HLS INTERFACE mode=m_axi port=right bundle=gmem2 depth=1024/2 offset=slave
        ^
/home/claxl/Documents/Double/merge_sort_double/merge_sort.cpp:127:9: warning: HLS pragma dump _XLX_SEP_ PragmaIsValid=1_XLX_SEP_ PragmaType=interface_XLX_SEP_ PragmaContext=_XLX_SEP_ PragmaFunction=merge_sort_XLX_SEP_ PragmaOptions=mode=m_axi port=output bundle=gmem0 depth=1024 offset=slave_XLX_SEP_ [-Wdump-hls-pragmas]
#pragma HLS INTERFACE mode=m_axi port=output bundle=gmem0 depth=1024 offset=slave
        ^
/home/claxl/Documents/Double/merge_sort_double/merge_sort.cpp:129:9: warning: HLS pragma dump _XLX_SEP_ PragmaIsValid=1_XLX_SEP_ PragmaType=interface_XLX_SEP_ PragmaContext=_XLX_SEP_ PragmaFunction=merge_sort_XLX_SEP_ PragmaOptions=mode=s_axilite port=left bundle=control_XLX_SEP_ [-Wdump-hls-pragmas]
#pragma HLS INTERFACE mode=s_axilite port=left bundle=control
        ^
/home/claxl/Documents/Double/merge_sort_double/merge_sort.cpp:130:9: warning: HLS pragma dump _XLX_SEP_ PragmaIsValid=1_XLX_SEP_ PragmaType=interface_XLX_SEP_ PragmaContext=_XLX_SEP_ PragmaFunction=merge_sort_XLX_SEP_ PragmaOptions=mode=s_axilite port=right bundle=control_XLX_SEP_ [-Wdump-hls-pragmas]
#pragma HLS INTERFACE mode=s_axilite port=right bundle=control
        ^
/home/claxl/Documents/Double/merge_sort_double/merge_sort.cpp:132:9: warning: HLS pragma dump _XLX_SEP_ PragmaIsValid=1_XLX_SEP_ PragmaType=interface_XLX_SEP_ PragmaContext=_XLX_SEP_ PragmaFunction=merge_sort_XLX_SEP_ PragmaOptions=mode=s_axilite port=output bundle=control_XLX_SEP_ [-Wdump-hls-pragmas]
#pragma HLS INTERFACE mode=s_axilite port=output bundle=control
        ^
/home/claxl/Documents/Double/merge_sort_double/merge_sort.cpp:133:9: warning: HLS pragma dump _XLX_SEP_ PragmaIsValid=1_XLX_SEP_ PragmaType=dataflow_XLX_SEP_ PragmaContext=_XLX_SEP_ PragmaFunction=merge_sort_XLX_SEP_ PragmaOptions=_XLX_SEP_ [-Wdump-hls-pragmas]
#pragma HLS DATAFLOW
        ^
/home/claxl/Documents/Double/merge_sort_double/merge_sort.cpp:141:9: warning: HLS pragma dump _XLX_SEP_ PragmaIsValid=1_XLX_SEP_ PragmaType=stream_XLX_SEP_ PragmaContext=_XLX_SEP_ PragmaFunction=merge_sort_XLX_SEP_ PragmaOptions=variable=left_stream depth=2_XLX_SEP_ [-Wdump-hls-pragmas]
#pragma HLS STREAM variable=left_stream depth=2
        ^
/home/claxl/Documents/Double/merge_sort_double/merge_sort.cpp:142:9: warning: HLS pragma dump _XLX_SEP_ PragmaIsValid=1_XLX_SEP_ PragmaType=stream_XLX_SEP_ PragmaContext=_XLX_SEP_ PragmaFunction=merge_sort_XLX_SEP_ PragmaOptions=variable=right_stream depth=2_XLX_SEP_ [-Wdump-hls-pragmas]
#pragma HLS STREAM variable=right_stream depth=2
        ^
/home/claxl/Documents/Double/merge_sort_double/merge_sort.cpp:143:9: warning: HLS pragma dump _XLX_SEP_ PragmaIsValid=1_XLX_SEP_ PragmaType=stream_XLX_SEP_ PragmaContext=_XLX_SEP_ PragmaFunction=merge_sort_XLX_SEP_ PragmaOptions=variable=tmp depth=2_XLX_SEP_ [-Wdump-hls-pragmas]
#pragma HLS STREAM variable=tmp depth=2
        ^
/home/claxl/Documents/Double/merge_sort_double/merge_sort.cpp:144:9: warning: HLS pragma dump _XLX_SEP_ PragmaIsValid=1_XLX_SEP_ PragmaType=stream_XLX_SEP_ PragmaContext=_XLX_SEP_ PragmaFunction=merge_sort_XLX_SEP_ PragmaOptions=variable=output_stream depth=2_XLX_SEP_ [-Wdump-hls-pragmas]
#pragma HLS STREAM variable=output_stream depth=2
        ^
/home/claxl/Documents/Double/merge_sort_double/merge_sort.cpp:145:9: warning: HLS pragma dump _XLX_SEP_ PragmaIsValid=1_XLX_SEP_ PragmaType=stream_XLX_SEP_ PragmaContext=_XLX_SEP_ PragmaFunction=merge_sort_XLX_SEP_ PragmaOptions=variable=tmp_right depth=2_XLX_SEP_ [-Wdump-hls-pragmas]
#pragma HLS STREAM variable=tmp_right depth=2
        ^
/home/claxl/Documents/Double/merge_sort_double/merge_sort.cpp:146:9: warning: HLS pragma dump _XLX_SEP_ PragmaIsValid=1_XLX_SEP_ PragmaType=stream_XLX_SEP_ PragmaContext=_XLX_SEP_ PragmaFunction=merge_sort_XLX_SEP_ PragmaOptions=variable=tmp_left depth=2_XLX_SEP_ [-Wdump-hls-pragmas]
#pragma HLS STREAM variable=tmp_left depth=2
        ^
28 warnings generated.
