================================================================
== Design Size Report
================================================================

* Total Instructions per Compilation Phase
+---------------+-----------------------------+--------------+----------------------------------------------------------------------------------------+
| Phase         | Step                        | Instructions | Description                                                                            |
+---------------+-----------------------------+--------------+----------------------------------------------------------------------------------------+
| Compile/Link  |                             |  1,102       | After all functions are compiled and linked into a single design                       |
|               |                             |              |                                                                                        |
| Unroll/Inline |                             |              | After user unroll and inline pragmas are applied                                       |
|               | (1) unroll                  |    654       | user unroll pragmas are applied                                                        |
|               | (2) simplification          |    527       | simplification of applied user unroll pragmas                                          |
|               | (3) inline                  |    530       | user inline pragmas are applied                                                        |
|               | (4) simplification          |    515       | simplification of applied user inline pragmas                                          |
|               |                             |              |                                                                                        |
| Array/Struct  |                             |              | After user array partition and struct aggregate/disaggregate pragmas are applied       |
|               | (1) array partition         | 18,867       | user array partition pragmas are applied                                               |
|               | (2) simplification          | 24,992       | simplification of applied user array partition & struct aggregate/disaggregate pragmas |
|               | (3) aggregate/disaggregate  | 24,992       | user struct aggregate/disaggregate pragmas are applied                                 |
|               | (4) array reshape           | 24,988       | apply array reshape pragmas                                                            |
|               | (5) access patterns         | 35,240       | array access pattern optmizations                                                      |
|               |                             |              |                                                                                        |
| Performance   |                             |              | After transformations are applied to meet performance pragma targets                   |
|               | (1) loop simplification     | 25,000       | loop and instruction simplification                                                    |
|               | (2) parallelization         | 24,994       | loops are unrolled or pipelined to meet performance targets                            |
|               | (3) array partition         | 24,994       | arrays are partitioned to meet performance targets                                     |
|               | (4) simplification          | 24,994       | simplification of design after performance transformations                             |
|               |                             |              |                                                                                        |
| HW Transforms |                             |              | After hardware transfomations                                                          |
|               | (1) lowering                | 25,012       | initial conversion to HW specific instructions                                         |
|               | (2) optimizations           | 25,185       | high level synthesis optimizations                                                     |
+---------------+-----------------------------+--------------+----------------------------------------------------------------------------------------+

* Instructions per Function for each Compilation Phase
+--------------------------+--------------------+----------------+---------------+------------------+------------------+------------------+
| Function                 | Location           | Compile/Link   | Unroll/Inline | Array/Struct     | Performance      | HW Transforms    |
+--------------------------+--------------------+----------------+---------------+------------------+------------------+------------------+
| + merge_sort             | merge_sort.cpp:121 | 1,102          | 515           | 35,240           | 24,994           | 25,185           |
|    read_input            | merge_sort.cpp:38  |   34 (2 calls) |  18 (2 calls) |    22 (2 calls)  |    22 (2 calls)  |    32 (2 calls)  |
|  + merge_sort_iterative  | merge_sort.cpp:54  |  900 (3 calls) | 414 (3 calls) | 35,156 (3 calls) | 24,910 (3 calls) | 25,057 (3 calls) |
|     merge_sort_primitive | merge_sort.cpp:4   |  345 (3 calls) |               |                  |                  |                  |
|    write_tmp             | merge_sort.cpp:106 |   53           |  15           |    15            |    15            |    31            |
|    write_output          | merge_sort.cpp:46  |   26           |   9           |    11            |    11            |    17            |
+--------------------------+--------------------+----------------+---------------+------------------+------------------+------------------+

* Design Size Message Settings
+---------------------------------------------+--------+------------------------------------------------------------------+
| Message Setting                             | Value  | Description                                                      |
+---------------------------------------------+--------+------------------------------------------------------------------+
| config_compile -design_size_maximum_warning | 100000 | Show a warning when total design instructions exceeds this value |
+---------------------------------------------+--------+------------------------------------------------------------------+


