

================================================================
== Vitis HLS Report for 'merge_sort'
================================================================
* Date:           Tue May 28 19:23:03 2024

* Version:        2023.2 (Build 4023990 on Oct 11 2023)
* Project:        merge_sort
* Solution:       hls (Vivado IP Flow Target)
* Product family: zynq
* Target device:  xc7z020-clg400-1


================================================================
== Performance Estimates
================================================================
+ Timing: 
    * Summary: 
    +--------+----------+----------+------------+
    |  Clock |  Target  | Estimated| Uncertainty|
    +--------+----------+----------+------------+
    |ap_clk  |  10.00 ns|  7.300 ns|     2.70 ns|
    +--------+----------+----------+------------+

+ Latency: 
    * Summary: 
    +---------+---------+----------+----------+-----+-----+----------+
    |  Latency (cycles) |  Latency (absolute) |  Interval | Pipeline |
    |   min   |   max   |    min   |    max   | min | max |   Type   |
    +---------+---------+----------+----------+-----+-----+----------+
    |        ?|        ?|         ?|         ?|    ?|    ?|  dataflow|
    +---------+---------+----------+----------+-----+-----+----------+

    + Detail: 
        * Instance: 
        +-------------------------+----------------------+---------+---------+-----------+-----------+------+------+---------+
        |                         |                      |  Latency (cycles) |   Latency (absolute)  |   Interval  | Pipeline|
        |         Instance        |        Module        |   min   |   max   |    min    |    max    |  min |  max |   Type  |
        +-------------------------+----------------------+---------+---------+-----------+-----------+------+------+---------+
        |entry_proc_U0            |entry_proc            |        0|        0|       0 ns|       0 ns|     0|     0|       no|
        |read_input_U0            |read_input            |     1035|     1035|  10.350 us|  10.350 us|  1035|  1035|       no|
        |merge_sort_iterative_U0  |merge_sort_iterative  |        ?|        ?|          ?|          ?|     ?|     ?|       no|
        |write_output_U0          |write_output          |     1033|     1033|  10.330 us|  10.330 us|  1033|  1033|       no|
        +-------------------------+----------------------+---------+---------+-----------+-----------+------+------+---------+

        * Loop: 
        N/A



================================================================
== Utilization Estimates
================================================================
* Summary: 
+-----------------+---------+-----+--------+-------+-----+
|       Name      | BRAM_18K| DSP |   FF   |  LUT  | URAM|
+-----------------+---------+-----+--------+-------+-----+
|DSP              |        -|    -|       -|      -|    -|
|Expression       |        -|    -|       0|     12|    -|
|FIFO             |        -|    -|     297|    204|    -|
|Instance         |        5|    -|   19098|  27187|    -|
|Memory           |        -|    -|       -|      -|    -|
|Multiplexer      |        -|    -|       -|     18|    -|
|Register         |        -|    -|       2|      -|    -|
+-----------------+---------+-----+--------+-------+-----+
|Total            |        5|    0|   19397|  27421|    0|
+-----------------+---------+-----+--------+-------+-----+
|Available        |      280|  220|  106400|  53200|    0|
+-----------------+---------+-----+--------+-------+-----+
|Utilization (%)  |        1|    0|      18|     51|    0|
+-----------------+---------+-----+--------+-------+-----+

+ Detail: 
    * Instance: 
    +-------------------------+----------------------+---------+----+-------+-------+-----+
    |         Instance        |        Module        | BRAM_18K| DSP|   FF  |  LUT  | URAM|
    +-------------------------+----------------------+---------+----+-------+-------+-----+
    |control_s_axi_U          |control_s_axi         |        0|   0|    176|    296|    0|
    |entry_proc_U0            |entry_proc            |        0|   0|      3|     29|    0|
    |gmem_m_axi_U             |gmem_m_axi            |        2|   0|    866|    854|    0|
    |merge_sort_iterative_U0  |merge_sort_iterative  |        3|   0|  17714|  25699|    0|
    |read_input_U0            |read_input            |        0|   0|    171|    144|    0|
    |write_output_U0          |write_output          |        0|   0|    168|    165|    0|
    +-------------------------+----------------------+---------+----+-------+-------+-----+
    |Total                    |                      |        5|   0|  19098|  27187|    0|
    +-------------------------+----------------------+---------+----+-------+-------+-----+

    * DSP: 
    N/A

    * Memory: 
    N/A

    * FIFO: 
    +-----------------+---------+----+----+-----+------+-----+---------+
    |       Name      | BRAM_18K| FF | LUT| URAM| Depth| Bits| Size:D*B|
    +-----------------+---------+----+----+-----+------+-----+---------+
    |input_stream_U   |        0|  99|   0|    -|     2|    8|       16|
    |output_r_c_U     |        0|  99|   0|    -|     4|   64|      256|
    |output_stream_U  |        0|  99|   0|    -|     2|    8|       16|
    +-----------------+---------+----+----+-----+------+-----+---------+
    |Total            |        0| 297|   0|    0|     8|   80|      288|
    +-----------------+---------+----+----+-----+------+-----+---------+

    * Expression: 
    +--------------------------------+----------+----+---+----+------------+------------+
    |          Variable Name         | Operation| DSP| FF| LUT| Bitwidth P0| Bitwidth P1|
    +--------------------------------+----------+----+---+----+------------+------------+
    |ap_idle                         |       and|   0|  0|   2|           1|           1|
    |ap_sync_ready                   |       and|   0|  0|   2|           1|           1|
    |entry_proc_U0_ap_start          |       and|   0|  0|   2|           1|           1|
    |read_input_U0_ap_start          |       and|   0|  0|   2|           1|           1|
    |ap_sync_entry_proc_U0_ap_ready  |        or|   0|  0|   2|           1|           1|
    |ap_sync_read_input_U0_ap_ready  |        or|   0|  0|   2|           1|           1|
    +--------------------------------+----------+----+---+----+------------+------------+
    |Total                           |          |   0|  0|  12|           6|           6|
    +--------------------------------+----------+----+---+----+------------+------------+

    * Multiplexer: 
    +------------------------------------+----+-----------+-----+-----------+
    |                Name                | LUT| Input Size| Bits| Total Bits|
    +------------------------------------+----+-----------+-----+-----------+
    |ap_sync_reg_entry_proc_U0_ap_ready  |   9|          2|    1|          2|
    |ap_sync_reg_read_input_U0_ap_ready  |   9|          2|    1|          2|
    +------------------------------------+----+-----------+-----+-----------+
    |Total                               |  18|          4|    2|          4|
    +------------------------------------+----+-----------+-----+-----------+

    * Register: 
    +------------------------------------+---+----+-----+-----------+
    |                Name                | FF| LUT| Bits| Const Bits|
    +------------------------------------+---+----+-----+-----------+
    |ap_sync_reg_entry_proc_U0_ap_ready  |  1|   0|    1|          0|
    |ap_sync_reg_read_input_U0_ap_ready  |  1|   0|    1|          0|
    +------------------------------------+---+----+-----+-----------+
    |Total                               |  2|   0|    2|          0|
    +------------------------------------+---+----+-----+-----------+



================================================================
== Interface
================================================================
* Summary: 
+-----------------------+-----+-----+------------+--------------+--------------+
|       RTL Ports       | Dir | Bits|  Protocol  | Source Object|    C Type    |
+-----------------------+-----+-----+------------+--------------+--------------+
|s_axi_control_AWVALID  |   in|    1|       s_axi|       control|        scalar|
|s_axi_control_AWREADY  |  out|    1|       s_axi|       control|        scalar|
|s_axi_control_AWADDR   |   in|    6|       s_axi|       control|        scalar|
|s_axi_control_WVALID   |   in|    1|       s_axi|       control|        scalar|
|s_axi_control_WREADY   |  out|    1|       s_axi|       control|        scalar|
|s_axi_control_WDATA    |   in|   32|       s_axi|       control|        scalar|
|s_axi_control_WSTRB    |   in|    4|       s_axi|       control|        scalar|
|s_axi_control_ARVALID  |   in|    1|       s_axi|       control|        scalar|
|s_axi_control_ARREADY  |  out|    1|       s_axi|       control|        scalar|
|s_axi_control_ARADDR   |   in|    6|       s_axi|       control|        scalar|
|s_axi_control_RVALID   |  out|    1|       s_axi|       control|        scalar|
|s_axi_control_RREADY   |   in|    1|       s_axi|       control|        scalar|
|s_axi_control_RDATA    |  out|   32|       s_axi|       control|        scalar|
|s_axi_control_RRESP    |  out|    2|       s_axi|       control|        scalar|
|s_axi_control_BVALID   |  out|    1|       s_axi|       control|        scalar|
|s_axi_control_BREADY   |   in|    1|       s_axi|       control|        scalar|
|s_axi_control_BRESP    |  out|    2|       s_axi|       control|        scalar|
|ap_clk                 |   in|    1|  ap_ctrl_hs|    merge_sort|  return value|
|ap_rst_n               |   in|    1|  ap_ctrl_hs|    merge_sort|  return value|
|interrupt              |  out|    1|  ap_ctrl_hs|    merge_sort|  return value|
|m_axi_gmem_AWVALID     |  out|    1|       m_axi|          gmem|       pointer|
|m_axi_gmem_AWREADY     |   in|    1|       m_axi|          gmem|       pointer|
|m_axi_gmem_AWADDR      |  out|   64|       m_axi|          gmem|       pointer|
|m_axi_gmem_AWID        |  out|    1|       m_axi|          gmem|       pointer|
|m_axi_gmem_AWLEN       |  out|    8|       m_axi|          gmem|       pointer|
|m_axi_gmem_AWSIZE      |  out|    3|       m_axi|          gmem|       pointer|
|m_axi_gmem_AWBURST     |  out|    2|       m_axi|          gmem|       pointer|
|m_axi_gmem_AWLOCK      |  out|    2|       m_axi|          gmem|       pointer|
|m_axi_gmem_AWCACHE     |  out|    4|       m_axi|          gmem|       pointer|
|m_axi_gmem_AWPROT      |  out|    3|       m_axi|          gmem|       pointer|
|m_axi_gmem_AWQOS       |  out|    4|       m_axi|          gmem|       pointer|
|m_axi_gmem_AWREGION    |  out|    4|       m_axi|          gmem|       pointer|
|m_axi_gmem_AWUSER      |  out|    1|       m_axi|          gmem|       pointer|
|m_axi_gmem_WVALID      |  out|    1|       m_axi|          gmem|       pointer|
|m_axi_gmem_WREADY      |   in|    1|       m_axi|          gmem|       pointer|
|m_axi_gmem_WDATA       |  out|   32|       m_axi|          gmem|       pointer|
|m_axi_gmem_WSTRB       |  out|    4|       m_axi|          gmem|       pointer|
|m_axi_gmem_WLAST       |  out|    1|       m_axi|          gmem|       pointer|
|m_axi_gmem_WID         |  out|    1|       m_axi|          gmem|       pointer|
|m_axi_gmem_WUSER       |  out|    1|       m_axi|          gmem|       pointer|
|m_axi_gmem_ARVALID     |  out|    1|       m_axi|          gmem|       pointer|
|m_axi_gmem_ARREADY     |   in|    1|       m_axi|          gmem|       pointer|
|m_axi_gmem_ARADDR      |  out|   64|       m_axi|          gmem|       pointer|
|m_axi_gmem_ARID        |  out|    1|       m_axi|          gmem|       pointer|
|m_axi_gmem_ARLEN       |  out|    8|       m_axi|          gmem|       pointer|
|m_axi_gmem_ARSIZE      |  out|    3|       m_axi|          gmem|       pointer|
|m_axi_gmem_ARBURST     |  out|    2|       m_axi|          gmem|       pointer|
|m_axi_gmem_ARLOCK      |  out|    2|       m_axi|          gmem|       pointer|
|m_axi_gmem_ARCACHE     |  out|    4|       m_axi|          gmem|       pointer|
|m_axi_gmem_ARPROT      |  out|    3|       m_axi|          gmem|       pointer|
|m_axi_gmem_ARQOS       |  out|    4|       m_axi|          gmem|       pointer|
|m_axi_gmem_ARREGION    |  out|    4|       m_axi|          gmem|       pointer|
|m_axi_gmem_ARUSER      |  out|    1|       m_axi|          gmem|       pointer|
|m_axi_gmem_RVALID      |   in|    1|       m_axi|          gmem|       pointer|
|m_axi_gmem_RREADY      |  out|    1|       m_axi|          gmem|       pointer|
|m_axi_gmem_RDATA       |   in|   32|       m_axi|          gmem|       pointer|
|m_axi_gmem_RLAST       |   in|    1|       m_axi|          gmem|       pointer|
|m_axi_gmem_RID         |   in|    1|       m_axi|          gmem|       pointer|
|m_axi_gmem_RUSER       |   in|    1|       m_axi|          gmem|       pointer|
|m_axi_gmem_RRESP       |   in|    2|       m_axi|          gmem|       pointer|
|m_axi_gmem_BVALID      |   in|    1|       m_axi|          gmem|       pointer|
|m_axi_gmem_BREADY      |  out|    1|       m_axi|          gmem|       pointer|
|m_axi_gmem_BRESP       |   in|    2|       m_axi|          gmem|       pointer|
|m_axi_gmem_BID         |   in|    1|       m_axi|          gmem|       pointer|
|m_axi_gmem_BUSER       |   in|    1|       m_axi|          gmem|       pointer|
+-----------------------+-----+-----+------------+--------------+--------------+

