#-----------------------------------------------------------
# xsim v2023.2 (64-bit)
# SW Build 4029153 on Fri Oct 13 20:13:54 MDT 2023
# IP Build 4028589 on Sat Oct 14 00:45:43 MDT 2023
# SharedData Build 4025554 on Tue Oct 10 17:18:54 MDT 2023
# Start of session at: Tue May 28 19:23:45 2024
# Process ID: 37367
# Current directory: /home/claxl/Documents/NECSTCamp/merge_sort/merge_sort/hls/sim/verilog
# Command line: xsim -mode tcl -source {xsim.dir/merge_sort/xsim_script.tcl}
# Log file: /home/claxl/Documents/NECSTCamp/merge_sort/merge_sort/hls/sim/verilog/xsim.log
# Journal file: /home/claxl/Documents/NECSTCamp/merge_sort/merge_sort/hls/sim/verilog/xsim.jou
# Running On: claudios, OS: Linux, CPU Frequency: 1929.915 MHz, CPU Physical cores: 4, Host memory: 24873 MB
#-----------------------------------------------------------
source xsim.dir/merge_sort/xsim_script.tcl
# xsim {merge_sort} -autoloadwcfg -tclbatch {merge_sort.tcl}
Time resolution is 1 ps
source merge_sort.tcl
## run all
////////////////////////////////////////////////////////////////////////////////////
// Inter-Transaction Progress: Completed Transaction / Total Transaction
// Intra-Transaction Progress: Measured Latency / Latency Estimation * 100%
//
// RTL Simulation : "Inter-Transaction Progress" ["Intra-Transaction Progress"] @ "Simulation Time"
////////////////////////////////////////////////////////////////////////////////////
// RTL Simulation : 0 / 2 [n/a] @ "125000"
// RTL Simulation : 1 / 2 [n/a] @ "451725000"
// RTL Simulation : 2 / 2 [n/a] @ "903055000"
////////////////////////////////////////////////////////////////////////////////////
$finish called at time : 903115 ns : File "/home/claxl/Documents/NECSTCamp/merge_sort/merge_sort/hls/sim/verilog/merge_sort.autotb.v" Line 430
run: Time (s): cpu = 00:00:00 ; elapsed = 00:00:06 . Memory (MB): peak = 1234.371 ; gain = 0.000 ; free physical = 11046 ; free virtual = 26105
## quit
INFO: [Common 17-206] Exiting xsim at Tue May 28 19:23:53 2024...
